Release 14.7 Map P.20131013 (nt64)
Xilinx Mapping Report File for Design 'NEURON'

Design Information
------------------
Command Line   : map -intstyle ise -p xc3s200-ft256-4 -cm area -ir off -pr off
-c 100 -o NEURON_map.ncd NEURON.ngd NEURON.pcf 
Target Device  : xc3s200
Target Package : ft256
Target Speed   : -4
Mapper Version : spartan3 -- $Revision: 1.55 $
Mapped Date    : Wed Oct 03 18:08:41 2018

Design Summary
--------------
Number of errors:      0
Number of warnings:    0
Logic Utilization:
  Number of Slice Flip Flops:            95 out of   3,840    2%
  Number of 4 input LUTs:               444 out of   3,840   11%
Logic Distribution:
  Number of occupied Slices:            240 out of   1,920   12%
    Number of Slices containing only related logic:     240 out of     240 100%
    Number of Slices containing unrelated logic:          0 out of     240   0%
      *See NOTES below for an explanation of the effects of unrelated logic.
  Total Number of 4 input LUTs:         444 out of   3,840   11%
  Number of bonded IOBs:                 85 out of     173   49%
  Number of BUFGMUXs:                     1 out of       8   12%

Average Fanout of Non-Clock Nets:                3.55

Peak Memory Usage:  4417 MB
Total REAL time to MAP completion:  5 secs 
Total CPU time to MAP completion:   1 secs 

NOTES:

   Related logic is defined as being logic that shares connectivity - e.g. two
   LUTs are "related" if they share common inputs.  When assembling slices,
   Map gives priority to combine logic that is related.  Doing so results in
   the best timing performance.

   Unrelated logic shares no connectivity.  Map will only begin packing
   unrelated logic into a slice once 99% of the slices are occupied through
   related logic packing.

   Note that once logic distribution reaches the 99% level through related
   logic packing, this does not mean the device is completely utilized.
   Unrelated logic packing will then begin, continuing until all usable LUTs
   and FFs are occupied.  Depending on your timing budget, increased levels of
   unrelated logic packing may adversely affect the overall timing performance
   of your design.

Table of Contents
-----------------
Section 1 - Errors
Section 2 - Warnings
Section 3 - Informational
Section 4 - Removed Logic Summary
Section 5 - Removed Logic
Section 6 - IOB Properties
Section 7 - RPMs
Section 8 - Guide Report
Section 9 - Area Group and Partition Summary
Section 10 - Timing Report
Section 11 - Configuration String Information
Section 12 - Control Set Information
Section 13 - Utilization by Hierarchy

Section 1 - Errors
------------------

Section 2 - Warnings
--------------------

Section 3 - Informational
-------------------------
INFO:MapLib:562 - No environment variables are currently set.
INFO:LIT:244 - All of the single ended outputs in this design are using slew
   rate limited output drivers. The delay on speed critical single ended outputs
   can be dramatically reduced by designating them as fast outputs.

Section 4 - Removed Logic Summary
---------------------------------
   2 block(s) optimized away

Section 5 - Removed Logic
-------------------------

Optimized Block(s):
TYPE 		BLOCK
GND 		XST_GND
VCC 		XST_VCC

To enable printing of redundant blocks removed and signals merged, set the
detailed map report option and rerun map.

Section 6 - IOB Properties
--------------------------

+---------------------------------------------------------------------------------------------------------------------------------------------------------+
| IOB Name                           | Type             | Direction | IO Standard          | Diff  | Drive    | Slew | Reg (s)      | Resistor | IOB      |
|                                    |                  |           |                      | Term  | Strength | Rate |              |          | Delay    |
+---------------------------------------------------------------------------------------------------------------------------------------------------------+
| Clock                              | IOB              | INPUT     | LVCMOS25             |       |          |      |              |          |          |
| ExponentA<0>                       | IOB              | INPUT     | LVCMOS25             |       |          |      |              |          |          |
| ExponentA<1>                       | IOB              | INPUT     | LVCMOS25             |       |          |      |              |          |          |
| ExponentA<2>                       | IOB              | INPUT     | LVCMOS25             |       |          |      |              |          |          |
| ExponentA<3>                       | IOB              | INPUT     | LVCMOS25             |       |          |      |              |          |          |
| ExponentA<4>                       | IOB              | INPUT     | LVCMOS25             |       |          |      |              |          |          |
| ExponentB<0>                       | IOB              | INPUT     | LVCMOS25             |       |          |      |              |          |          |
| ExponentB<1>                       | IOB              | INPUT     | LVCMOS25             |       |          |      |              |          |          |
| ExponentB<2>                       | IOB              | INPUT     | LVCMOS25             |       |          |      |              |          |          |
| ExponentB<3>                       | IOB              | INPUT     | LVCMOS25             |       |          |      |              |          |          |
| ExponentB<4>                       | IOB              | INPUT     | LVCMOS25             |       |          |      |              |          |          |
| ExponentC<0>                       | IOB              | INPUT     | LVCMOS25             |       |          |      |              |          |          |
| ExponentC<1>                       | IOB              | INPUT     | LVCMOS25             |       |          |      |              |          |          |
| ExponentC<2>                       | IOB              | INPUT     | LVCMOS25             |       |          |      |              |          |          |
| ExponentC<3>                       | IOB              | INPUT     | LVCMOS25             |       |          |      |              |          |          |
| ExponentC<4>                       | IOB              | INPUT     | LVCMOS25             |       |          |      |              |          |          |
| ExponentD<0>                       | IOB              | INPUT     | LVCMOS25             |       |          |      |              |          |          |
| ExponentD<1>                       | IOB              | INPUT     | LVCMOS25             |       |          |      |              |          |          |
| ExponentD<2>                       | IOB              | INPUT     | LVCMOS25             |       |          |      |              |          |          |
| ExponentD<3>                       | IOB              | INPUT     | LVCMOS25             |       |          |      |              |          |          |
| ExponentD<4>                       | IOB              | INPUT     | LVCMOS25             |       |          |      |              |          |          |
| ExponentOut1<0>                    | IOB              | OUTPUT    | LVCMOS25             |       | 12       | SLOW |              |          |          |
| ExponentOut1<1>                    | IOB              | OUTPUT    | LVCMOS25             |       | 12       | SLOW |              |          |          |
| ExponentOut1<2>                    | IOB              | OUTPUT    | LVCMOS25             |       | 12       | SLOW |              |          |          |
| ExponentOut1<3>                    | IOB              | OUTPUT    | LVCMOS25             |       | 12       | SLOW |              |          |          |
| ExponentOut1<4>                    | IOB              | OUTPUT    | LVCMOS25             |       | 12       | SLOW |              |          |          |
| ExponentOut2<0>                    | IOB              | OUTPUT    | LVCMOS25             |       | 12       | SLOW |              |          |          |
| ExponentOut2<1>                    | IOB              | OUTPUT    | LVCMOS25             |       | 12       | SLOW |              |          |          |
| ExponentOut2<2>                    | IOB              | OUTPUT    | LVCMOS25             |       | 12       | SLOW |              |          |          |
| ExponentOut2<3>                    | IOB              | OUTPUT    | LVCMOS25             |       | 12       | SLOW |              |          |          |
| ExponentOut2<4>                    | IOB              | OUTPUT    | LVCMOS25             |       | 12       | SLOW |              |          |          |
| ExponentOut<0>                     | IOB              | OUTPUT    | LVCMOS25             |       | 12       | SLOW |              |          |          |
| ExponentOut<1>                     | IOB              | OUTPUT    | LVCMOS25             |       | 12       | SLOW |              |          |          |
| ExponentOut<2>                     | IOB              | OUTPUT    | LVCMOS25             |       | 12       | SLOW |              |          |          |
| ExponentOut<3>                     | IOB              | OUTPUT    | LVCMOS25             |       | 12       | SLOW |              |          |          |
| ExponentOut<4>                     | IOB              | OUTPUT    | LVCMOS25             |       | 12       | SLOW |              |          |          |
| MantissaA<0>                       | IOB              | INPUT     | LVCMOS25             |       |          |      |              |          |          |
| MantissaA<1>                       | IOB              | INPUT     | LVCMOS25             |       |          |      |              |          |          |
| MantissaA<2>                       | IOB              | INPUT     | LVCMOS25             |       |          |      |              |          |          |
| MantissaA<3>                       | IOB              | INPUT     | LVCMOS25             |       |          |      |              |          |          |
| MantissaA<4>                       | IOB              | INPUT     | LVCMOS25             |       |          |      |              |          |          |
| MantissaA<5>                       | IOB              | INPUT     | LVCMOS25             |       |          |      |              |          |          |
| MantissaB<0>                       | IOB              | INPUT     | LVCMOS25             |       |          |      |              |          |          |
| MantissaB<1>                       | IOB              | INPUT     | LVCMOS25             |       |          |      |              |          |          |
| MantissaB<2>                       | IOB              | INPUT     | LVCMOS25             |       |          |      |              |          |          |
| MantissaB<3>                       | IOB              | INPUT     | LVCMOS25             |       |          |      |              |          |          |
| MantissaB<4>                       | IOB              | INPUT     | LVCMOS25             |       |          |      |              |          |          |
| MantissaB<5>                       | IOB              | INPUT     | LVCMOS25             |       |          |      |              |          |          |
| MantissaC<0>                       | IOB              | INPUT     | LVCMOS25             |       |          |      |              |          |          |
| MantissaC<1>                       | IOB              | INPUT     | LVCMOS25             |       |          |      |              |          |          |
| MantissaC<2>                       | IOB              | INPUT     | LVCMOS25             |       |          |      |              |          |          |
| MantissaC<3>                       | IOB              | INPUT     | LVCMOS25             |       |          |      |              |          |          |
| MantissaC<4>                       | IOB              | INPUT     | LVCMOS25             |       |          |      |              |          |          |
| MantissaC<5>                       | IOB              | INPUT     | LVCMOS25             |       |          |      |              |          |          |
| MantissaD<0>                       | IOB              | INPUT     | LVCMOS25             |       |          |      |              |          |          |
| MantissaD<1>                       | IOB              | INPUT     | LVCMOS25             |       |          |      |              |          |          |
| MantissaD<2>                       | IOB              | INPUT     | LVCMOS25             |       |          |      |              |          |          |
| MantissaD<3>                       | IOB              | INPUT     | LVCMOS25             |       |          |      |              |          |          |
| MantissaD<4>                       | IOB              | INPUT     | LVCMOS25             |       |          |      |              |          |          |
| MantissaD<5>                       | IOB              | INPUT     | LVCMOS25             |       |          |      |              |          |          |
| MantissaOut1<0>                    | IOB              | OUTPUT    | LVCMOS25             |       | 12       | SLOW |              |          |          |
| MantissaOut1<1>                    | IOB              | OUTPUT    | LVCMOS25             |       | 12       | SLOW |              |          |          |
| MantissaOut1<2>                    | IOB              | OUTPUT    | LVCMOS25             |       | 12       | SLOW |              |          |          |
| MantissaOut1<3>                    | IOB              | OUTPUT    | LVCMOS25             |       | 12       | SLOW |              |          |          |
| MantissaOut1<4>                    | IOB              | OUTPUT    | LVCMOS25             |       | 12       | SLOW |              |          |          |
| MantissaOut1<5>                    | IOB              | OUTPUT    | LVCMOS25             |       | 12       | SLOW |              |          |          |
| MantissaOut2<0>                    | IOB              | OUTPUT    | LVCMOS25             |       | 12       | SLOW |              |          |          |
| MantissaOut2<1>                    | IOB              | OUTPUT    | LVCMOS25             |       | 12       | SLOW |              |          |          |
| MantissaOut2<2>                    | IOB              | OUTPUT    | LVCMOS25             |       | 12       | SLOW |              |          |          |
| MantissaOut2<3>                    | IOB              | OUTPUT    | LVCMOS25             |       | 12       | SLOW |              |          |          |
| MantissaOut2<4>                    | IOB              | OUTPUT    | LVCMOS25             |       | 12       | SLOW |              |          |          |
| MantissaOut2<5>                    | IOB              | OUTPUT    | LVCMOS25             |       | 12       | SLOW |              |          |          |
| MantissaOut<0>                     | IOB              | OUTPUT    | LVCMOS25             |       | 12       | SLOW |              |          |          |
| MantissaOut<1>                     | IOB              | OUTPUT    | LVCMOS25             |       | 12       | SLOW |              |          |          |
| MantissaOut<2>                     | IOB              | OUTPUT    | LVCMOS25             |       | 12       | SLOW |              |          |          |
| MantissaOut<3>                     | IOB              | OUTPUT    | LVCMOS25             |       | 12       | SLOW |              |          |          |
| MantissaOut<4>                     | IOB              | OUTPUT    | LVCMOS25             |       | 12       | SLOW |              |          |          |
| MantissaOut<5>                     | IOB              | OUTPUT    | LVCMOS25             |       | 12       | SLOW |              |          |          |
| SignA                              | IOB              | INPUT     | LVCMOS25             |       |          |      |              |          |          |
| SignB                              | IOB              | INPUT     | LVCMOS25             |       |          |      |              |          |          |
| SignC                              | IOB              | INPUT     | LVCMOS25             |       |          |      |              |          |          |
| SignD                              | IOB              | INPUT     | LVCMOS25             |       |          |      |              |          |          |
| SignOut                            | IOB              | OUTPUT    | LVCMOS25             |       | 12       | SLOW |              |          |          |
| SignOut1                           | IOB              | OUTPUT    | LVCMOS25             |       | 12       | SLOW |              |          |          |
| SignOut2                           | IOB              | OUTPUT    | LVCMOS25             |       | 12       | SLOW |              |          |          |
+---------------------------------------------------------------------------------------------------------------------------------------------------------+

Section 7 - RPMs
----------------

Section 8 - Guide Report
------------------------
Guide not run on this design.

Section 9 - Area Group and Partition Summary
--------------------------------------------

Partition Implementation Status
-------------------------------

  No Partitions were found in this design.

-------------------------------

Area Group Information
----------------------

  No area groups were found in this design.

----------------------

Section 10 - Timing Report
--------------------------
This design was not run using timing mode.

Section 11 - Configuration String Details
-----------------------------------------
Use the "-detail" map option to print out Configuration Strings

Section 12 - Control Set Information
------------------------------------
No control set information for this architecture.

Section 13 - Utilization by Hierarchy
-------------------------------------
Use the "-detail" map option to print out the Utilization by Hierarchy section.
